Release 14.7 - xst P.20131013 (nt64)
Copyright (c) 1995-2013 Xilinx, Inc.  All rights reserved.
--> Parameter TMPDIR set to xst/projnav.tmp


Total REAL time to Xst completion: 0.00 secs
Total CPU time to Xst completion: 0.06 secs
 
--> Parameter xsthdpdir set to xst


Total REAL time to Xst completion: 0.00 secs
Total CPU time to Xst completion: 0.06 secs
 
--> Reading design: simple.prj

TABLE OF CONTENTS
  1) Synthesis Options Summary
  2) HDL Parsing
  3) HDL Elaboration
  4) HDL Synthesis
       4.1) HDL Synthesis Report
  5) Advanced HDL Synthesis
       5.1) Advanced HDL Synthesis Report
  6) Low Level Synthesis
  7) Partition Report
  8) Design Summary
       8.1) Primitive and Black Box Usage
       8.2) Device utilization summary
       8.3) Partition Resource Summary
       8.4) Timing Report
            8.4.1) Clock Information
            8.4.2) Asynchronous Control Signals Information
            8.4.3) Timing Summary
            8.4.4) Timing Details
            8.4.5) Cross Clock Domains Report


=========================================================================
*                      Synthesis Options Summary                        *
=========================================================================
---- Source Parameters
Input File Name                    : "simple.prj"
Ignore Synthesis Constraint File   : NO

---- Target Parameters
Output File Name                   : "simple"
Output Format                      : NGC
Target Device                      : xc7a100t-3-csg324

---- Source Options
Top Module Name                    : simple
Automatic FSM Extraction           : YES
FSM Encoding Algorithm             : Auto
Safe Implementation                : No
FSM Style                          : LUT
RAM Extraction                     : Yes
RAM Style                          : Auto
ROM Extraction                     : Yes
Shift Register Extraction          : YES
ROM Style                          : Auto
Resource Sharing                   : YES
Asynchronous To Synchronous        : NO
Shift Register Minimum Size        : 2
Use DSP Block                      : Auto
Automatic Register Balancing       : No

---- Target Options
LUT Combining                      : Auto
Reduce Control Sets                : Auto
Add IO Buffers                     : YES
Global Maximum Fanout              : 100000
Add Generic Clock Buffer(BUFG)     : 32
Register Duplication               : YES
Optimize Instantiated Primitives   : NO
Use Clock Enable                   : Auto
Use Synchronous Set                : Auto
Use Synchronous Reset              : Auto
Pack IO Registers into IOBs        : Auto
Equivalent register Removal        : YES

---- General Options
Optimization Goal                  : Speed
Optimization Effort                : 1
Power Reduction                    : NO
Keep Hierarchy                     : No
Netlist Hierarchy                  : As_Optimized
RTL Output                         : Yes
Global Optimization                : AllClockNets
Read Cores                         : YES
Write Timing Constraints           : NO
Cross Clock Analysis               : NO
Hierarchy Separator                : /
Bus Delimiter                      : <>
Case Specifier                     : Maintain
Slice Utilization Ratio            : 100
BRAM Utilization Ratio             : 100
DSP48 Utilization Ratio            : 100
Auto BRAM Packing                  : NO
Slice Utilization Ratio Delta      : 5

---- Other Options
Cores Search Directories           : {"ipcore_dir"  }

=========================================================================


=========================================================================
*                          HDL Parsing                                  *
=========================================================================
Analyzing Verilog file "C:\Users\acb610\Documents\GitHub\CS2204-Summer-2016-Research-Project\gomoku2\Gomoku_PlayCheck_V.v" into library work
Parsing module <Gomoku_PlayCheck_V>.
Parsing module <playCheck>.
Analyzing Verilog file "C:\Users\acb610\Documents\GitHub\CS2204-Summer-2016-Research-Project\gomoku2\Gomoku_MachinePlayer_V.v" into library work
Parsing module <Gomoku_MachinePlayer_V>.
Parsing module <machinePlayer>.
Analyzing Verilog file "C:\Users\acb610\Documents\GitHub\CS2204-Summer-2016-Research-Project\gomoku2\Gomoku_IO_V.v" into library work
Parsing module <Gomoku_IO_V>.
Parsing module <i_o>.
Analyzing Verilog file "C:\Users\acb610\Documents\GitHub\CS2204-Summer-2016-Research-Project\gomoku2\Gomoku_ControlUnit_V.v" into library work
Parsing module <edgeDetect>.
Parsing module <Gomoku_ControlUnit_V>.
Parsing module <controlUnit>.
Parsing VHDL file "C:\Users\acb610\Documents\GitHub\CS2204-Summer-2016-Research-Project\gomoku2\ipcore_dir\communication.vhd" into library work
Parsing VHDL file "C:\Users\acb610\Documents\GitHub\CS2204-Summer-2016-Research-Project\gomoku2\Gomoku_Verilog.vhf" into library work
Parsing entity <Gomoku_Verilog>.
Parsing architecture <BEHAVIORAL> of entity <gomoku_verilog>.
Parsing VHDL file "C:\Users\acb610\Documents\GitHub\CS2204-Summer-2016-Research-Project\gomoku2\simple.vhf" into library work
Parsing entity <M2_1_HXILINX_simple>.
Parsing architecture <M2_1_HXILINX_simple_V> of entity <m2_1_hxilinx_simple>.
Parsing entity <Gomoku_Verilog_MUSER_simple>.
Parsing architecture <BEHAVIORAL> of entity <gomoku_verilog_muser_simple>.
Parsing entity <simple>.
Parsing architecture <BEHAVIORAL> of entity <simple>.

=========================================================================
*                            HDL Elaboration                            *
=========================================================================

Elaborating entity <simple> (architecture <BEHAVIORAL>) from library <work>.
WARNING:HDLCompiler:89 - "C:\Users\acb610\Documents\GitHub\CS2204-Summer-2016-Research-Project\gomoku2\simple.vhf" Line 329: <communication> remains a black-box since it has no binding entity.

Elaborating entity <Gomoku_Verilog_MUSER_simple> (architecture <BEHAVIORAL>) from library <work>.
Going to verilog side to elaborate module Gomoku_ControlUnit_V

Elaborating module <Gomoku_ControlUnit_V>.

Elaborating module <edgeDetect>.

Elaborating module <controlUnit>.
ERROR:HDLCompiler:1128 - "C:\Users\acb610\Documents\GitHub\CS2204-Summer-2016-Research-Project\gomoku2\Gomoku_ControlUnit_V.v" Line 109: Assignment under multiple single edges is not supported for synthesis
INFO - You can change the severity of this error message to warning using switch -change_error_to_warning "HDLCompiler:1128"
Module controlUnit remains a blackbox, due to errors in its contents
WARNING:HDLCompiler:1499 - "C:\Users\acb610\Documents\GitHub\CS2204-Summer-2016-Research-Project\gomoku2\Gomoku_ControlUnit_V.v" Line 88: Empty module <controlUnit> remains a black box.
Back to vhdl to continue elaboration
Going to verilog side to elaborate module Gomoku_MachinePlayer_V

Elaborating module <Gomoku_MachinePlayer_V>.

Elaborating module <machinePlayer>.
WARNING:HDLCompiler:413 - "C:\Users\acb610\Documents\GitHub\CS2204-Summer-2016-Research-Project\gomoku2\Gomoku_MachinePlayer_V.v" Line 57: Result of 32-bit expression is truncated to fit in 4-bit target.
WARNING:HDLCompiler:413 - "C:\Users\acb610\Documents\GitHub\CS2204-Summer-2016-Research-Project\gomoku2\Gomoku_MachinePlayer_V.v" Line 58: Result of 32-bit expression is truncated to fit in 4-bit target.
WARNING:HDLCompiler:413 - "C:\Users\acb610\Documents\GitHub\CS2204-Summer-2016-Research-Project\gomoku2\Gomoku_MachinePlayer_V.v" Line 68: Result of 32-bit expression is truncated to fit in 1-bit target.
Back to vhdl to continue elaboration
Going to verilog side to elaborate module Gomoku_PlayCheck_V

Elaborating module <Gomoku_PlayCheck_V>.

Elaborating module <playCheck>.
WARNING:HDLCompiler:413 - "C:\Users\acb610\Documents\GitHub\CS2204-Summer-2016-Research-Project\gomoku2\Gomoku_PlayCheck_V.v" Line 101: Result of 32-bit expression is truncated to fit in 1-bit target.
Back to vhdl to continue elaboration
Going to verilog side to elaborate module Gomoku_IO_V

Elaborating module <Gomoku_IO_V>.
WARNING:HDLCompiler:462 - "C:\Users\acb610\Documents\GitHub\CS2204-Summer-2016-Research-Project\gomoku2\Gomoku_IO_V.v" Line 75: if-condition does not match any sensitivity list edge
ERROR:HDLCompiler:1128 - "C:\Users\acb610\Documents\GitHub\CS2204-Summer-2016-Research-Project\gomoku2\Gomoku_IO_V.v" Line 79: Assignment under multiple single edges is not supported for synthesis
INFO - You can change the severity of this error message to warning using switch -change_error_to_warning "HDLCompiler:1128"
Module Gomoku_IO_V remains a blackbox, due to errors in its contents
WARNING:HDLCompiler:1499 - "C:\Users\acb610\Documents\GitHub\CS2204-Summer-2016-Research-Project\gomoku2\Gomoku_IO_V.v" Line 19: Empty module <Gomoku_IO_V> remains a black box.
Back to vhdl to continue elaboration

Elaborating entity <M2_1_HXILINX_simple> (architecture <M2_1_HXILINX_simple_V>) from library <work>.
INFO:HDLCompiler:679 - "C:\Users\acb610\Documents\GitHub\CS2204-Summer-2016-Research-Project\gomoku2\simple.vhf" Line 44. Case statement is complete. others clause is never selected
WARNING:HDLCompiler:634 - "C:\Users\acb610\Documents\GitHub\CS2204-Summer-2016-Research-Project\gomoku2\simple.vhf" Line 289: Net <gpi[31]> does not have a driver.
--> 

Total memory usage is 261032 kilobytes

Number of errors   :    2 (   0 filtered)
Number of warnings :    9 (   0 filtered)
Number of infos    :    0 (   0 filtered)

