--------------------------------------------------------------------------------
Release 14.7 Trace  (nt64)
Copyright (c) 1995-2013 Xilinx, Inc.  All rights reserved.

C:\Xilinx\14.7\ISE_DS\ISE\bin\nt64\unwrapped\trce.exe -intstyle ise -v 3 -s 3
-n 3 -fastpaths -xml ppm.twx ppm.ncd -o ppm.twr ppm.pcf -ucf ppm.ucf

Design file:              ppm.ncd
Physical constraint file: ppm.pcf
Device,package,speed:     xc7a100t,csg324,C,-3 (PRODUCTION 1.10 2013-10-13)
Report level:             verbose report

Environment Variable      Effect 
--------------------      ------ 
NONE                      No environment variables were set
--------------------------------------------------------------------------------

INFO:Timing:2698 - No timing constraints found, doing default enumeration.
INFO:Timing:3412 - To improve timing, see the Timing Closure User Guide (UG612).
INFO:Timing:2752 - To get complete path coverage, use the unconstrained paths 
   option. All paths that are not constrained will be reported in the 
   unconstrained paths section(s) of the report.
INFO:Timing:3339 - The clock-to-out numbers in this timing report are based on 
   a 50 Ohm transmission line loading model.  For the details of this model, 
   and for more information on accounting for different loading conditions, 
   please see the device datasheet.



Data Sheet report:
-----------------
All values displayed in nanoseconds (ns)

Setup/Hold to clock CLOCK_NP2B
------------+------------+------------+------------+------------+------------------+--------+
            |Max Setup to|  Process   |Max Hold to |  Process   |                  | Clock  |
Source      | clk (edge) |   Corner   | clk (edge) |   Corner   |Internal Clock(s) | Phase  |
------------+------------+------------+------------+------------+------------------+--------+
TRD1_NP2B   |    8.847(R)|      SLOW  |    1.538(R)|      SLOW  |CLOCK             |   0.000|
TRD2_NP2B   |    8.765(R)|      SLOW  |    1.594(R)|      SLOW  |CLOCK             |   0.000|
TRD3_NP2B   |    8.962(R)|      SLOW  |    1.308(R)|      SLOW  |CLOCK             |   0.000|
UART_RX     |   -0.309(R)|      FAST  |    2.078(R)|      SLOW  |CLOCK             |   0.000|
------------+------------+------------+------------+------------+------------------+--------+

Clock CLOCK_NP2B to Pad
------------+-----------------+------------+-----------------+------------+------------------+--------+
            |Max (slowest) clk|  Process   |Min (fastest) clk|  Process   |                  | Clock  |
Destination |  (edge) to PAD  |   Corner   |  (edge) to PAD  |   Corner   |Internal Clock(s) | Phase  |
------------+-----------------+------------+-----------------+------------+------------------+--------+
A0_NB2P     |        15.389(R)|      SLOW  |         4.570(R)|      FAST  |CLOCK             |   0.000|
A1_NB2P     |        15.750(R)|      SLOW  |         4.856(R)|      FAST  |CLOCK             |   0.000|
A2_NB2P     |        15.890(R)|      SLOW  |         4.825(R)|      FAST  |CLOCK             |   0.000|
A3_NB2P     |        15.967(R)|      SLOW  |         4.933(R)|      FAST  |CLOCK             |   0.000|
ADD_NB2P    |        14.481(R)|      SLOW  |         4.142(R)|      FAST  |CLOCK             |   0.000|
RD0_NB2P    |        10.904(R)|      SLOW  |         4.173(R)|      FAST  |CLOCK             |   0.000|
RD1_NB2P    |        11.122(R)|      SLOW  |         4.383(R)|      FAST  |CLOCK             |   0.000|
RD2_NB2P    |        11.140(R)|      SLOW  |         4.404(R)|      FAST  |CLOCK             |   0.000|
RD3_NB2P    |        10.950(R)|      SLOW  |         4.305(R)|      FAST  |CLOCK             |   0.000|
UART_TX     |        10.548(R)|      SLOW  |         4.145(R)|      FAST  |CLOCK             |   0.000|
------------+-----------------+------------+-----------------+------------+------------------+--------+

Clock to Setup on destination clock CLOCK_NP2B
---------------+---------+---------+---------+---------+
               | Src:Rise| Src:Fall| Src:Rise| Src:Fall|
Source Clock   |Dest:Rise|Dest:Rise|Dest:Fall|Dest:Fall|
---------------+---------+---------+---------+---------+
CLOCK_NP2B     |   10.920|         |         |         |
---------------+---------+---------+---------+---------+

Pad to Pad
---------------+---------------+---------+
Source Pad     |Destination Pad|  Delay  |
---------------+---------------+---------+
P1PLAY_NP2B    |CA_NB2P        |   13.139|
P1PLAY_NP2B    |CB_NB2P        |   13.125|
P1PLAY_NP2B    |CC_NB2P        |   12.716|
P1PLAY_NP2B    |CD_NB2P        |   12.939|
P1PLAY_NP2B    |CE_NB2P        |   12.781|
P1PLAY_NP2B    |CF_NB2P        |   13.072|
P1PLAY_NP2B    |CG_NB2P        |   12.616|
SHPTS_NP2B     |A0_NB2P        |    9.597|
SHPTS_NP2B     |A1_NB2P        |    9.958|
SHPTS_NP2B     |A2_NB2P        |   10.098|
SHPTS_NP2B     |A3_NB2P        |   10.175|
SHPTS_NP2B     |CA_NB2P        |   12.523|
SHPTS_NP2B     |CB_NB2P        |   12.509|
SHPTS_NP2B     |CC_NB2P        |   12.100|
SHPTS_NP2B     |CD_NB2P        |   12.323|
SHPTS_NP2B     |CE_NB2P        |   12.165|
SHPTS_NP2B     |CF_NB2P        |   12.456|
SHPTS_NP2B     |CG_NB2P        |   12.000|
TRD1_NP2B      |A0_NB2P        |   13.137|
TRD1_NP2B      |A1_NB2P        |   13.498|
TRD1_NP2B      |A2_NB2P        |   13.638|
TRD1_NP2B      |A3_NB2P        |   13.715|
TRD1_NP2B      |ADD_NB2P       |   12.229|
TRD1_NP2B      |RD1_NB2P       |    8.969|
TRD2_NP2B      |A0_NB2P        |   13.055|
TRD2_NP2B      |A1_NB2P        |   13.416|
TRD2_NP2B      |A2_NB2P        |   13.556|
TRD2_NP2B      |A3_NB2P        |   13.633|
TRD2_NP2B      |ADD_NB2P       |   12.147|
TRD2_NP2B      |RD2_NB2P       |    8.806|
TRD3_NP2B      |A0_NB2P        |   13.252|
TRD3_NP2B      |A1_NB2P        |   13.613|
TRD3_NP2B      |A2_NB2P        |   13.753|
TRD3_NP2B      |A3_NB2P        |   13.830|
TRD3_NP2B      |ADD_NB2P       |   12.344|
TRD3_NP2B      |RD3_NB2P       |    8.909|
---------------+---------------+---------+


Analysis completed Tue Sep 08 12:35:53 2015 
--------------------------------------------------------------------------------

Trace Settings:
-------------------------
Trace Settings 

Peak Memory Usage: 623 MB



